<?xml version="1.0" encoding="UTF-8"?>
<!-- Generated by org.testng.reporters.JUnitReportReporter -->
<testsuite hostname="DESKTOP-BQ8VFGF" failures="0" tests="4" name="testscripts.Subcategorytest" time="17.602" errors="0" timestamp="2025-03-20T11:51:55 IST" skipped="0">
  <testcase classname="testscripts.Subcategorytest" name="verifyUserIsAbleToDeleteButtonInSubcategoryTable" time="3.866"/>
  <testcase classname="testscripts.Subcategorytest" name="verifyUserIsAbleTosearchTheCreatedSubcategoryInSearchbar" time="3.930"/>
  <testcase classname="testscripts.Subcategorytest" name="verifyUserIsAbleTocreateSubcategoryWithValidDetails" time="4.828"/>
  <testcase classname="testscripts.Subcategorytest" name="verifyUserIsAbleToUpdateTheSubcategoryDetails" time="4.978"/>
</testsuite> <!-- testscripts.Subcategorytest -->
