<?xml version="1.0" encoding="UTF-8"?>
<!-- Generated by org.testng.reporters.JUnitReportReporter -->
<testsuite hostname="DESKTOP-BQ8VFGF" failures="0" tests="2" name="testscripts.Logintest" time="13.695" errors="0" timestamp="2025-03-20T12:00:18 IST" skipped="0">
  <testcase classname="testscripts.Logintest" name="verifyUserLoginWithValidCredential" time="4.081"/>
  <testcase classname="testscripts.Logintest" name="verifyUserLoginWithValidUseranameAndInvalidPassword" time="9.614"/>
</testsuite> <!-- testscripts.Logintest -->
