<?xml version="1.0" encoding="UTF-8"?>
<!-- Generated by org.testng.reporters.JUnitReportReporter -->
<testsuite hostname="DESKTOP-BQ8VFGF" failures="0" tests="1" name="testscripts.Managecontacttest" time="4.448" errors="0" timestamp="2025-03-20T11:51:55 IST" skipped="0">
  <testcase classname="testscripts.Managecontacttest" name="verifyUserIsAbleToUpdateTheContactDetailsInManage" time="4.448"/>
</testsuite> <!-- testscripts.Managecontacttest -->
