<?xml version="1.0" encoding="UTF-8"?>
<!-- Generated by org.testng.reporters.JUnitReportReporter -->
<testsuite hostname="DESKTOP-BQ8VFGF" failures="0" tests="1" name="testscripts.Managecontacttest" time="5.570" errors="0" timestamp="2025-03-20T12:09:28 IST" skipped="0">
  <testcase classname="testscripts.Managecontacttest" name="verifyUserIsAbleToUpdateTheContactDetailsInManage" time="5.570"/>
</testsuite> <!-- testscripts.Managecontacttest -->
