<?xml version="1.0" encoding="UTF-8"?>
<!-- Generated by org.testng.reporters.JUnitReportReporter -->
<testsuite hostname="DESKTOP-BQ8VFGF" failures="0" tests="7" name="testscripts.Logintest" time="22.728" errors="0" timestamp="2025-03-20T12:09:28 IST" skipped="0">
  <testcase classname="testscripts.Logintest" name="verifyUserLoginWithValidCredential" time="3.492"/>
  <testcase classname="testscripts.Logintest" name="verifyUserLoginWithInValidCredential" time="2.930"/>
  <testcase classname="testscripts.Logintest" name="verifyUserLoginWithInValidCredential" time="3.169"/>
  <testcase classname="testscripts.Logintest" name="verifyUserLoginWithInValidCredential" time="4.005"/>
  <testcase classname="testscripts.Logintest" name="verifyUserLoginWithInValidCredential" time="2.906"/>
  <testcase classname="testscripts.Logintest" name="verifyLoginwithInvalidUsernameAndValidpassword" time="3.209"/>
  <testcase classname="testscripts.Logintest" name="verifyUserLoginWithValidUseranameAndInvalidPassword" time="3.017"/>
</testsuite> <!-- testscripts.Logintest -->
