<?xml version="1.0" encoding="UTF-8"?>
<!-- Generated by org.testng.reporters.JUnitReportReporter -->
<testsuite hostname="DESKTOP-BQ8VFGF" failures="0" tests="4" name="testscripts.Subcategorytest" time="22.407" errors="0" timestamp="2025-03-20T12:09:28 IST" skipped="0">
  <testcase classname="testscripts.Subcategorytest" name="verifyUserIsAbleToDeleteButtonInSubcategoryTable" time="4.174"/>
  <testcase classname="testscripts.Subcategorytest" name="verifyUserIsAbleTosearchTheCreatedSubcategoryInSearchbar" time="6.373"/>
  <testcase classname="testscripts.Subcategorytest" name="verifyUserIsAbleTocreateSubcategoryWithValidDetails" time="5.726"/>
  <testcase classname="testscripts.Subcategorytest" name="verifyUserIsAbleToUpdateTheSubcategoryDetails" time="6.134"/>
</testsuite> <!-- testscripts.Subcategorytest -->
