<?xml version="1.0" encoding="UTF-8"?>
<!-- Generated by org.testng.reporters.JUnitReportReporter -->
<testsuite hostname="DESKTOP-BQ8VFGF" failures="0" tests="4" name="testscripts.Adminusertest" time="19.830" errors="0" timestamp="2025-03-20T12:09:29 IST" skipped="0">
  <testcase classname="testscripts.Adminusertest" name="verifyUserIsAbleTosearchAdminUser" time="4.501"/>
  <testcase classname="testscripts.Adminusertest" name="verifyUserIsAbleToUpdateTheAdminUser" time="4.602"/>
  <testcase classname="testscripts.Adminusertest" name="verifyUserIsAbleTocreateNewAdminUser" time="5.690"/>
  <testcase classname="testscripts.Adminusertest" name="verifyUserIsAbleToDeleteTheAdminUser" time="5.037"/>
</testsuite> <!-- testscripts.Adminusertest -->
